mode: set
github.com/07samir07/bank-app/db/sqlc/account.sql.go:28.97,39.2 4 1
github.com/07samir07/bank-app/db/sqlc/account.sql.go:45.70,48.2 2 1
github.com/07samir07/bank-app/db/sqlc/account.sql.go:55.79,66.2 4 1
github.com/07samir07/bank-app/db/sqlc/account.sql.go:80.97,82.16 2 1
github.com/07samir07/bank-app/db/sqlc/account.sql.go:82.16,84.3 1 0
github.com/07samir07/bank-app/db/sqlc/account.sql.go:85.2,87.18 3 1
github.com/07samir07/bank-app/db/sqlc/account.sql.go:87.18,95.17 2 1
github.com/07samir07/bank-app/db/sqlc/account.sql.go:95.17,97.4 1 0
github.com/07samir07/bank-app/db/sqlc/account.sql.go:98.3,98.27 1 1
github.com/07samir07/bank-app/db/sqlc/account.sql.go:100.2,100.37 1 1
github.com/07samir07/bank-app/db/sqlc/account.sql.go:100.37,102.3 1 0
github.com/07samir07/bank-app/db/sqlc/account.sql.go:103.2,103.35 1 1
github.com/07samir07/bank-app/db/sqlc/account.sql.go:103.35,105.3 1 0
github.com/07samir07/bank-app/db/sqlc/account.sql.go:106.2,106.19 1 1
github.com/07samir07/bank-app/db/sqlc/account.sql.go:120.97,131.2 4 1
github.com/07samir07/bank-app/db/sqlc/db.go:19.28,21.2 1 1
github.com/07samir07/bank-app/db/sqlc/db.go:27.47,31.2 1 0
